<?xml version="1.0" encoding="UTF-8"?>
<testsuite xmlns:xsi="http://www.w3.org/2001/XMLSchema-instance" xsi:noNamespaceSchemaLocation="https://maven.apache.org/surefire/maven-surefire-plugin/xsd/surefire-test-report-3.0.xsd" version="3.0" name="org.apache.accumulo.metrics.logging.LoggingRegistryFactoryTest" time="200.441" tests="1" errors="0" skipped="0" failures="0">
  <properties>
    <property name="java.specification.version" value="17"/>
    <property name="sun.jnu.encoding" value="UTF-8"/>
    <property name="java.class.path" value="/mnt/data1/etcolem/workspace/accumulo-examples/accumulo-examples-metrics/logging-metrics/target/test-classes:/mnt/data1/etcolem/workspace/accumulo-examples/accumulo-examples-metrics/logging-metrics/target/classes:/home/etcolem/.m2/repository/org/slf4j/slf4j-api/2.0.11/slf4j-api-2.0.11.jar:/home/etcolem/.m2/repository/org/apache/logging/log4j/log4j-slf4j2-impl/2.22.1/log4j-slf4j2-impl-2.22.1.jar:/home/etcolem/.m2/repository/org/apache/logging/log4j/log4j-core/2.22.1/log4j-core-2.22.1.jar:/home/etcolem/.m2/repository/com/beust/jcommander/1.82/jcommander-1.82.jar:/home/etcolem/.m2/repository/com/google/guava/guava/33.0.0-jre/guava-33.0.0-jre.jar:/home/etcolem/.m2/repository/com/google/guava/failureaccess/1.0.2/failureaccess-1.0.2.jar:/home/etcolem/.m2/repository/com/google/guava/listenablefuture/9999.0-empty-to-avoid-conflict-with-guava/listenablefuture-9999.0-empty-to-avoid-conflict-with-guava.jar:/home/etcolem/.m2/repository/com/google/code/findbugs/jsr305/3.0.2/jsr305-3.0.2.jar:/home/etcolem/.m2/repository/org/checkerframework/checker-qual/3.42.0/checker-qual-3.42.0.jar:/home/etcolem/.m2/repository/com/google/errorprone/error_prone_annotations/2.24.1/error_prone_annotations-2.24.1.jar:/home/etcolem/.m2/repository/com/google/j2objc/j2objc-annotations/2.8/j2objc-annotations-2.8.jar:/home/etcolem/.m2/repository/io/opentelemetry/opentelemetry-api/1.34.1/opentelemetry-api-1.34.1.jar:/home/etcolem/.m2/repository/io/opentelemetry/opentelemetry-context/1.34.1/opentelemetry-context-1.34.1.jar:/home/etcolem/.m2/repository/org/apache/accumulo/accumulo-core/3.1.0-SNAPSHOT/accumulo-core-3.1.0-SNAPSHOT.jar:/home/etcolem/.m2/repository/com/fasterxml/jackson/core/jackson-databind/2.16.1/jackson-databind-2.16.1.jar:/home/etcolem/.m2/repository/com/fasterxml/jackson/core/jackson-annotations/2.16.1/jackson-annotations-2.16.1.jar:/home/etcolem/.m2/repository/com/fasterxml/jackson/core/jackson-core/2.16.1/jackson-core-2.16.1.jar:/home/etcolem/.m2/repository/com/github/ben-manes/caffeine/caffeine/3.1.8/caffeine-3.1.8.jar:/home/etcolem/.m2/repository/com/google/code/gson/gson/2.10.1/gson-2.10.1.jar:/home/etcolem/.m2/repository/commons-io/commons-io/2.15.1/commons-io-2.15.1.jar:/home/etcolem/.m2/repository/commons-logging/commons-logging/1.2/commons-logging-1.2.jar:/home/etcolem/.m2/repository/io/micrometer/micrometer-core/1.12.2/micrometer-core-1.12.2.jar:/home/etcolem/.m2/repository/io/micrometer/micrometer-commons/1.12.2/micrometer-commons-1.12.2.jar:/home/etcolem/.m2/repository/io/micrometer/micrometer-observation/1.12.2/micrometer-observation-1.12.2.jar:/home/etcolem/.m2/repository/org/hdrhistogram/HdrHistogram/2.1.12/HdrHistogram-2.1.12.jar:/home/etcolem/.m2/repository/org/latencyutils/LatencyUtils/2.0.3/LatencyUtils-2.0.3.jar:/home/etcolem/.m2/repository/org/apache/accumulo/accumulo-start/3.1.0-SNAPSHOT/accumulo-start-3.1.0-SNAPSHOT.jar:/home/etcolem/.m2/repository/org/apache/commons/commons-collections4/4.4/commons-collections4-4.4.jar:/home/etcolem/.m2/repository/org/apache/commons/commons-configuration2/2.9.0/commons-configuration2-2.9.0.jar:/home/etcolem/.m2/repository/org/apache/commons/commons-text/1.10.0/commons-text-1.10.0.jar:/home/etcolem/.m2/repository/org/apache/commons/commons-lang3/3.12.0/commons-lang3-3.12.0.jar:/home/etcolem/.m2/repository/org/apache/commons/commons-math3/3.6.1/commons-math3-3.6.1.jar:/home/etcolem/.m2/repository/org/apache/datasketches/datasketches-java/4.1.0/datasketches-java-4.1.0.jar:/home/etcolem/.m2/repository/org/apache/datasketches/datasketches-memory/2.2.0/datasketches-memory-2.2.0.jar:/home/etcolem/.m2/repository/org/apache/thrift/libthrift/0.17.0/libthrift-0.17.0.jar:/home/etcolem/.m2/repository/org/apache/zookeeper/zookeeper/3.9.1/zookeeper-3.9.1.jar:/home/etcolem/.m2/repository/org/apache/yetus/audience-annotations/0.12.0/audience-annotations-0.12.0.jar:/home/etcolem/.m2/repository/io/netty/netty-handler/4.1.104.Final/netty-handler-4.1.104.Final.jar:/home/etcolem/.m2/repository/io/netty/netty-common/4.1.104.Final/netty-common-4.1.104.Final.jar:/home/etcolem/.m2/repository/io/netty/netty-resolver/4.1.104.Final/netty-resolver-4.1.104.Final.jar:/home/etcolem/.m2/repository/io/netty/netty-buffer/4.1.104.Final/netty-buffer-4.1.104.Final.jar:/home/etcolem/.m2/repository/io/netty/netty-transport/4.1.104.Final/netty-transport-4.1.104.Final.jar:/home/etcolem/.m2/repository/io/netty/netty-transport-native-unix-common/4.1.104.Final/netty-transport-native-unix-common-4.1.104.Final.jar:/home/etcolem/.m2/repository/io/netty/netty-codec/4.1.104.Final/netty-codec-4.1.104.Final.jar:/home/etcolem/.m2/repository/io/netty/netty-transport-native-epoll/4.1.104.Final/netty-transport-native-epoll-4.1.104.Final-linux-x86_64.jar:/home/etcolem/.m2/repository/io/netty/netty-transport-classes-epoll/4.1.104.Final/netty-transport-classes-epoll-4.1.104.Final.jar:/home/etcolem/.m2/repository/io/netty/netty-tcnative-boringssl-static/2.0.61.Final/netty-tcnative-boringssl-static-2.0.61.Final.jar:/home/etcolem/.m2/repository/io/netty/netty-tcnative-classes/2.0.61.Final/netty-tcnative-classes-2.0.61.Final.jar:/home/etcolem/.m2/repository/io/netty/netty-tcnative-boringssl-static/2.0.61.Final/netty-tcnative-boringssl-static-2.0.61.Final-linux-x86_64.jar:/home/etcolem/.m2/repository/io/netty/netty-tcnative-boringssl-static/2.0.61.Final/netty-tcnative-boringssl-static-2.0.61.Final-linux-aarch_64.jar:/home/etcolem/.m2/repository/io/netty/netty-tcnative-boringssl-static/2.0.61.Final/netty-tcnative-boringssl-static-2.0.61.Final-osx-x86_64.jar:/home/etcolem/.m2/repository/io/netty/netty-tcnative-boringssl-static/2.0.61.Final/netty-tcnative-boringssl-static-2.0.61.Final-osx-aarch_64.jar:/home/etcolem/.m2/repository/io/netty/netty-tcnative-boringssl-static/2.0.61.Final/netty-tcnative-boringssl-static-2.0.61.Final-windows-x86_64.jar:/home/etcolem/.m2/repository/org/apache/zookeeper/zookeeper-jute/3.9.1/zookeeper-jute-3.9.1.jar:/home/etcolem/.m2/repository/org/yaml/snakeyaml/2.2/snakeyaml-2.2.jar:/home/etcolem/.m2/repository/org/apache/hadoop/hadoop-client-runtime/3.3.6/hadoop-client-runtime-3.3.6.jar:/home/etcolem/.m2/repository/org/apache/accumulo/accumulo-hadoop-mapreduce/3.1.0-SNAPSHOT/accumulo-hadoop-mapreduce-3.1.0-SNAPSHOT.jar:/home/etcolem/.m2/repository/org/apache/hadoop/hadoop-client-api/3.3.6/hadoop-client-api-3.3.6.jar:/home/etcolem/.m2/repository/org/xerial/snappy/snappy-java/1.1.10.5/snappy-java-1.1.10.5.jar:/home/etcolem/.m2/repository/org/apache/logging/log4j/log4j-1.2-api/2.22.1/log4j-1.2-api-2.22.1.jar:/home/etcolem/.m2/repository/org/apache/logging/log4j/log4j-api/2.22.1/log4j-api-2.22.1.jar:/home/etcolem/.m2/repository/org/apache/accumulo/accumulo-minicluster/3.1.0-SNAPSHOT/accumulo-minicluster-3.1.0-SNAPSHOT.jar:/home/etcolem/.m2/repository/org/apache/accumulo/accumulo-compaction-coordinator/3.1.0-SNAPSHOT/accumulo-compaction-coordinator-3.1.0-SNAPSHOT.jar:/home/etcolem/.m2/repository/org/apache/accumulo/accumulo-compactor/3.1.0-SNAPSHOT/accumulo-compactor-3.1.0-SNAPSHOT.jar:/home/etcolem/.m2/repository/org/apache/accumulo/accumulo-gc/3.1.0-SNAPSHOT/accumulo-gc-3.1.0-SNAPSHOT.jar:/home/etcolem/.m2/repository/org/apache/accumulo/accumulo-manager/3.1.0-SNAPSHOT/accumulo-manager-3.1.0-SNAPSHOT.jar:/home/etcolem/.m2/repository/commons-codec/commons-codec/1.16.0/commons-codec-1.16.0.jar:/home/etcolem/.m2/repository/org/apache/accumulo/accumulo-monitor/3.1.0-SNAPSHOT/accumulo-monitor-3.1.0-SNAPSHOT.jar:/home/etcolem/.m2/repository/jakarta/inject/jakarta.inject-api/2.0.0/jakarta.inject-api-2.0.0.jar:/home/etcolem/.m2/repository/jakarta/servlet/jakarta.servlet-api/5.0.0/jakarta.servlet-api-5.0.0.jar:/home/etcolem/.m2/repository/jakarta/validation/jakarta.validation-api/3.0.0/jakarta.validation-api-3.0.0.jar:/home/etcolem/.m2/repository/jakarta/ws/rs/jakarta.ws.rs-api/3.0.0/jakarta.ws.rs-api-3.0.0.jar:/home/etcolem/.m2/repository/jakarta/xml/bind/jakarta.xml.bind-api/3.0.1/jakarta.xml.bind-api-3.0.1.jar:/home/etcolem/.m2/repository/com/sun/activation/jakarta.activation/2.0.1/jakarta.activation-2.0.1.jar:/home/etcolem/.m2/repository/org/apache/logging/log4j/log4j-web/2.22.1/log4j-web-2.22.1.jar:/home/etcolem/.m2/repository/org/eclipse/jetty/jetty-server/11.0.19/jetty-server-11.0.19.jar:/home/etcolem/.m2/repository/org/eclipse/jetty/toolchain/jetty-jakarta-servlet-api/5.0.2/jetty-jakarta-servlet-api-5.0.2.jar:/home/etcolem/.m2/repository/org/eclipse/jetty/jetty-http/11.0.19/jetty-http-11.0.19.jar:/home/etcolem/.m2/repository/org/eclipse/jetty/jetty-io/11.0.19/jetty-io-11.0.19.jar:/home/etcolem/.m2/repository/org/eclipse/jetty/jetty-servlet/11.0.19/jetty-servlet-11.0.19.jar:/home/etcolem/.m2/repository/org/eclipse/jetty/jetty-security/11.0.19/jetty-security-11.0.19.jar:/home/etcolem/.m2/repository/org/eclipse/jetty/jetty-util/11.0.19/jetty-util-11.0.19.jar:/home/etcolem/.m2/repository/org/glassfish/hk2/hk2-api/3.0.5/hk2-api-3.0.5.jar:/home/etcolem/.m2/repository/org/glassfish/hk2/hk2-utils/3.0.5/hk2-utils-3.0.5.jar:/home/etcolem/.m2/repository/org/glassfish/hk2/external/aopalliance-repackaged/3.0.5/aopalliance-repackaged-3.0.5.jar:/home/etcolem/.m2/repository/org/glassfish/jersey/containers/jersey-container-servlet-core/3.0.9/jersey-container-servlet-core-3.0.9.jar:/home/etcolem/.m2/repository/org/glassfish/jersey/core/jersey-common/3.0.9/jersey-common-3.0.9.jar:/home/etcolem/.m2/repository/jakarta/annotation/jakarta.annotation-api/2.0.0/jakarta.annotation-api-2.0.0.jar:/home/etcolem/.m2/repository/org/glassfish/hk2/osgi-resource-locator/2.4.0/osgi-resource-locator-2.4.0.jar:/home/etcolem/.m2/repository/org/glassfish/jersey/core/jersey-server/3.0.9/jersey-server-3.0.9.jar:/home/etcolem/.m2/repository/org/glassfish/jersey/core/jersey-client/3.0.9/jersey-client-3.0.9.jar:/home/etcolem/.m2/repository/org/glassfish/jersey/ext/jersey-mvc/3.0.9/jersey-mvc-3.0.9.jar:/home/etcolem/.m2/repository/org/glassfish/jersey/ext/jersey-mvc-freemarker/3.0.9/jersey-mvc-freemarker-3.0.9.jar:/home/etcolem/.m2/repository/org/freemarker/freemarker/2.3.32/freemarker-2.3.32.jar:/home/etcolem/.m2/repository/org/glassfish/jersey/media/jersey-media-json-jackson/3.0.9/jersey-media-json-jackson-3.0.9.jar:/home/etcolem/.m2/repository/org/glassfish/jersey/ext/jersey-entity-filtering/3.0.9/jersey-entity-filtering-3.0.9.jar:/home/etcolem/.m2/repository/com/fasterxml/jackson/module/jackson-module-jakarta-xmlbind-annotations/2.16.1/jackson-module-jakarta-xmlbind-annotations-2.16.1.jar:/home/etcolem/.m2/repository/org/glassfish/jaxb/txw2/4.0.4/txw2-4.0.4.jar:/home/etcolem/.m2/repository/org/glassfish/jersey/ext/jersey-bean-validation/3.0.9/jersey-bean-validation-3.0.9.jar:/home/etcolem/.m2/repository/org/hibernate/validator/hibernate-validator/8.0.1.Final/hibernate-validator-8.0.1.Final.jar:/home/etcolem/.m2/repository/com/fasterxml/classmate/1.6.0/classmate-1.6.0.jar:/home/etcolem/.m2/repository/org/jboss/logging/jboss-logging/3.5.3.Final/jboss-logging-3.5.3.Final.jar:/home/etcolem/.m2/repository/jakarta/el/jakarta.el-api/4.0.0/jakarta.el-api-4.0.0.jar:/home/etcolem/.m2/repository/org/glassfish/jakarta.el/4.0.2/jakarta.el-4.0.2.jar:/home/etcolem/.m2/repository/org/glassfish/jersey/inject/jersey-hk2/3.0.9/jersey-hk2-3.0.9.jar:/home/etcolem/.m2/repository/org/glassfish/hk2/hk2-locator/3.0.5/hk2-locator-3.0.5.jar:/home/etcolem/.m2/repository/org/javassist/javassist/3.30.1-GA/javassist-3.30.1-GA.jar:/home/etcolem/.m2/repository/org/apache/accumulo/accumulo-server-base/3.1.0-SNAPSHOT/accumulo-server-base-3.1.0-SNAPSHOT.jar:/home/etcolem/.m2/repository/org/apache/accumulo/accumulo-tserver/3.1.0-SNAPSHOT/accumulo-tserver-3.1.0-SNAPSHOT.jar:/home/etcolem/.m2/repository/org/apache/accumulo/accumulo-test/3.1.0-SNAPSHOT/accumulo-test-3.1.0-SNAPSHOT.jar:/home/etcolem/.m2/repository/commons-cli/commons-cli/1.6.0/commons-cli-1.6.0.jar:/home/etcolem/.m2/repository/io/micrometer/micrometer-registry-statsd/1.12.2/micrometer-registry-statsd-1.12.2.jar:/home/etcolem/.m2/repository/org/apache/accumulo/accumulo-shell/3.1.0-SNAPSHOT/accumulo-shell-3.1.0-SNAPSHOT.jar:/home/etcolem/.m2/repository/org/apache/curator/curator-test/5.5.0/curator-test-5.5.0.jar:/home/etcolem/.m2/repository/io/dropwizard/metrics/metrics-core/3.2.5/metrics-core-3.2.5.jar:/home/etcolem/.m2/repository/org/apache/hadoop/hadoop-client-minicluster/3.3.6/hadoop-client-minicluster-3.3.6.jar:/home/etcolem/.m2/repository/junit/junit/4.13.2/junit-4.13.2.jar:/home/etcolem/.m2/repository/org/hamcrest/hamcrest-core/1.3/hamcrest-core-1.3.jar:/home/etcolem/.m2/repository/org/apache/hadoop/hadoop-distcp/3.3.6/hadoop-distcp-3.3.6.jar:/home/etcolem/.m2/repository/org/apache/hadoop/hadoop-minikdc/3.3.6/hadoop-minikdc-3.3.6.jar:/home/etcolem/.m2/repository/org/apache/kerby/kerb-simplekdc/1.0.1/kerb-simplekdc-1.0.1.jar:/home/etcolem/.m2/repository/org/apache/kerby/kerb-client/1.0.1/kerb-client-1.0.1.jar:/home/etcolem/.m2/repository/org/apache/kerby/kerby-config/1.0.1/kerby-config-1.0.1.jar:/home/etcolem/.m2/repository/org/apache/kerby/kerb-core/1.0.1/kerb-core-1.0.1.jar:/home/etcolem/.m2/repository/org/apache/kerby/kerby-pkix/1.0.1/kerby-pkix-1.0.1.jar:/home/etcolem/.m2/repository/org/apache/kerby/kerby-asn1/1.0.1/kerby-asn1-1.0.1.jar:/home/etcolem/.m2/repository/org/apache/kerby/kerby-util/1.0.1/kerby-util-1.0.1.jar:/home/etcolem/.m2/repository/org/apache/kerby/kerb-common/1.0.1/kerb-common-1.0.1.jar:/home/etcolem/.m2/repository/org/apache/kerby/kerb-crypto/1.0.1/kerb-crypto-1.0.1.jar:/home/etcolem/.m2/repository/org/apache/kerby/kerb-util/1.0.1/kerb-util-1.0.1.jar:/home/etcolem/.m2/repository/org/apache/kerby/token-provider/1.0.1/token-provider-1.0.1.jar:/home/etcolem/.m2/repository/org/apache/kerby/kerb-admin/1.0.1/kerb-admin-1.0.1.jar:/home/etcolem/.m2/repository/org/apache/kerby/kerb-server/1.0.1/kerb-server-1.0.1.jar:/home/etcolem/.m2/repository/org/apache/kerby/kerb-identity/1.0.1/kerb-identity-1.0.1.jar:/home/etcolem/.m2/repository/org/apache/kerby/kerby-xdr/1.0.1/kerby-xdr-1.0.1.jar:/home/etcolem/.m2/repository/org/bouncycastle/bcpkix-jdk18on/1.77/bcpkix-jdk18on-1.77.jar:/home/etcolem/.m2/repository/org/bouncycastle/bcutil-jdk18on/1.77/bcutil-jdk18on-1.77.jar:/home/etcolem/.m2/repository/org/bouncycastle/bcprov-jdk18on/1.77/bcprov-jdk18on-1.77.jar:/home/etcolem/.m2/repository/org/easymock/easymock/5.2.0/easymock-5.2.0.jar:/home/etcolem/.m2/repository/org/objenesis/objenesis/3.3/objenesis-3.3.jar:/home/etcolem/.m2/repository/org/jline/jline/3.24.1/jline-3.24.1.jar:/home/etcolem/.m2/repository/org/junit/jupiter/junit-jupiter-engine/5.10.1/junit-jupiter-engine-5.10.1.jar:/home/etcolem/.m2/repository/org/junit/platform/junit-platform-engine/1.10.1/junit-platform-engine-1.10.1.jar:/home/etcolem/.m2/repository/org/junit/jupiter/junit-jupiter-params/5.10.1/junit-jupiter-params-5.10.1.jar:/home/etcolem/.m2/repository/org/junit/jupiter/junit-jupiter-api/5.10.1/junit-jupiter-api-5.10.1.jar:/home/etcolem/.m2/repository/org/opentest4j/opentest4j/1.3.0/opentest4j-1.3.0.jar:/home/etcolem/.m2/repository/org/junit/platform/junit-platform-commons/1.10.1/junit-platform-commons-1.10.1.jar:/home/etcolem/.m2/repository/org/apiguardian/apiguardian-api/1.1.2/apiguardian-api-1.1.2.jar:"/>
    <property name="java.vm.vendor" value="Private Build"/>
    <property name="sun.arch.data.model" value="64"/>
    <property name="java.vendor.url" value="Unknown"/>
    <property name="user.timezone" value="Etc/UTC"/>
    <property name="os.name" value="Linux"/>
    <property name="java.vm.specification.version" value="17"/>
    <property name="sun.java.launcher" value="SUN_STANDARD"/>
    <property name="sun.boot.library.path" value="/usr/lib/jvm/java-17-openjdk-amd64/lib"/>
    <property name="sun.java.command" value="/mnt/data1/etcolem/workspace/accumulo-examples/accumulo-examples-metrics/logging-metrics/target/surefire/surefirebooter-20240206224058651_3.jar /mnt/data1/etcolem/workspace/accumulo-examples/accumulo-examples-metrics/logging-metrics/target/surefire 2024-02-06T22-40-58_579-jvmRun1 surefire-20240206224058651_1tmp surefire_0-20240206224058651_2tmp"/>
    <property name="jdk.debug" value="release"/>
    <property name="test" value="LoggingRegistryFactoryTest"/>
    <property name="surefire.test.class.path" value="/mnt/data1/etcolem/workspace/accumulo-examples/accumulo-examples-metrics/logging-metrics/target/test-classes:/mnt/data1/etcolem/workspace/accumulo-examples/accumulo-examples-metrics/logging-metrics/target/classes:/home/etcolem/.m2/repository/org/slf4j/slf4j-api/2.0.11/slf4j-api-2.0.11.jar:/home/etcolem/.m2/repository/org/apache/logging/log4j/log4j-slf4j2-impl/2.22.1/log4j-slf4j2-impl-2.22.1.jar:/home/etcolem/.m2/repository/org/apache/logging/log4j/log4j-core/2.22.1/log4j-core-2.22.1.jar:/home/etcolem/.m2/repository/com/beust/jcommander/1.82/jcommander-1.82.jar:/home/etcolem/.m2/repository/com/google/guava/guava/33.0.0-jre/guava-33.0.0-jre.jar:/home/etcolem/.m2/repository/com/google/guava/failureaccess/1.0.2/failureaccess-1.0.2.jar:/home/etcolem/.m2/repository/com/google/guava/listenablefuture/9999.0-empty-to-avoid-conflict-with-guava/listenablefuture-9999.0-empty-to-avoid-conflict-with-guava.jar:/home/etcolem/.m2/repository/com/google/code/findbugs/jsr305/3.0.2/jsr305-3.0.2.jar:/home/etcolem/.m2/repository/org/checkerframework/checker-qual/3.42.0/checker-qual-3.42.0.jar:/home/etcolem/.m2/repository/com/google/errorprone/error_prone_annotations/2.24.1/error_prone_annotations-2.24.1.jar:/home/etcolem/.m2/repository/com/google/j2objc/j2objc-annotations/2.8/j2objc-annotations-2.8.jar:/home/etcolem/.m2/repository/io/opentelemetry/opentelemetry-api/1.34.1/opentelemetry-api-1.34.1.jar:/home/etcolem/.m2/repository/io/opentelemetry/opentelemetry-context/1.34.1/opentelemetry-context-1.34.1.jar:/home/etcolem/.m2/repository/org/apache/accumulo/accumulo-core/3.1.0-SNAPSHOT/accumulo-core-3.1.0-SNAPSHOT.jar:/home/etcolem/.m2/repository/com/fasterxml/jackson/core/jackson-databind/2.16.1/jackson-databind-2.16.1.jar:/home/etcolem/.m2/repository/com/fasterxml/jackson/core/jackson-annotations/2.16.1/jackson-annotations-2.16.1.jar:/home/etcolem/.m2/repository/com/fasterxml/jackson/core/jackson-core/2.16.1/jackson-core-2.16.1.jar:/home/etcolem/.m2/repository/com/github/ben-manes/caffeine/caffeine/3.1.8/caffeine-3.1.8.jar:/home/etcolem/.m2/repository/com/google/code/gson/gson/2.10.1/gson-2.10.1.jar:/home/etcolem/.m2/repository/commons-io/commons-io/2.15.1/commons-io-2.15.1.jar:/home/etcolem/.m2/repository/commons-logging/commons-logging/1.2/commons-logging-1.2.jar:/home/etcolem/.m2/repository/io/micrometer/micrometer-core/1.12.2/micrometer-core-1.12.2.jar:/home/etcolem/.m2/repository/io/micrometer/micrometer-commons/1.12.2/micrometer-commons-1.12.2.jar:/home/etcolem/.m2/repository/io/micrometer/micrometer-observation/1.12.2/micrometer-observation-1.12.2.jar:/home/etcolem/.m2/repository/org/hdrhistogram/HdrHistogram/2.1.12/HdrHistogram-2.1.12.jar:/home/etcolem/.m2/repository/org/latencyutils/LatencyUtils/2.0.3/LatencyUtils-2.0.3.jar:/home/etcolem/.m2/repository/org/apache/accumulo/accumulo-start/3.1.0-SNAPSHOT/accumulo-start-3.1.0-SNAPSHOT.jar:/home/etcolem/.m2/repository/org/apache/commons/commons-collections4/4.4/commons-collections4-4.4.jar:/home/etcolem/.m2/repository/org/apache/commons/commons-configuration2/2.9.0/commons-configuration2-2.9.0.jar:/home/etcolem/.m2/repository/org/apache/commons/commons-text/1.10.0/commons-text-1.10.0.jar:/home/etcolem/.m2/repository/org/apache/commons/commons-lang3/3.12.0/commons-lang3-3.12.0.jar:/home/etcolem/.m2/repository/org/apache/commons/commons-math3/3.6.1/commons-math3-3.6.1.jar:/home/etcolem/.m2/repository/org/apache/datasketches/datasketches-java/4.1.0/datasketches-java-4.1.0.jar:/home/etcolem/.m2/repository/org/apache/datasketches/datasketches-memory/2.2.0/datasketches-memory-2.2.0.jar:/home/etcolem/.m2/repository/org/apache/thrift/libthrift/0.17.0/libthrift-0.17.0.jar:/home/etcolem/.m2/repository/org/apache/zookeeper/zookeeper/3.9.1/zookeeper-3.9.1.jar:/home/etcolem/.m2/repository/org/apache/yetus/audience-annotations/0.12.0/audience-annotations-0.12.0.jar:/home/etcolem/.m2/repository/io/netty/netty-handler/4.1.104.Final/netty-handler-4.1.104.Final.jar:/home/etcolem/.m2/repository/io/netty/netty-common/4.1.104.Final/netty-common-4.1.104.Final.jar:/home/etcolem/.m2/repository/io/netty/netty-resolver/4.1.104.Final/netty-resolver-4.1.104.Final.jar:/home/etcolem/.m2/repository/io/netty/netty-buffer/4.1.104.Final/netty-buffer-4.1.104.Final.jar:/home/etcolem/.m2/repository/io/netty/netty-transport/4.1.104.Final/netty-transport-4.1.104.Final.jar:/home/etcolem/.m2/repository/io/netty/netty-transport-native-unix-common/4.1.104.Final/netty-transport-native-unix-common-4.1.104.Final.jar:/home/etcolem/.m2/repository/io/netty/netty-codec/4.1.104.Final/netty-codec-4.1.104.Final.jar:/home/etcolem/.m2/repository/io/netty/netty-transport-native-epoll/4.1.104.Final/netty-transport-native-epoll-4.1.104.Final-linux-x86_64.jar:/home/etcolem/.m2/repository/io/netty/netty-transport-classes-epoll/4.1.104.Final/netty-transport-classes-epoll-4.1.104.Final.jar:/home/etcolem/.m2/repository/io/netty/netty-tcnative-boringssl-static/2.0.61.Final/netty-tcnative-boringssl-static-2.0.61.Final.jar:/home/etcolem/.m2/repository/io/netty/netty-tcnative-classes/2.0.61.Final/netty-tcnative-classes-2.0.61.Final.jar:/home/etcolem/.m2/repository/io/netty/netty-tcnative-boringssl-static/2.0.61.Final/netty-tcnative-boringssl-static-2.0.61.Final-linux-x86_64.jar:/home/etcolem/.m2/repository/io/netty/netty-tcnative-boringssl-static/2.0.61.Final/netty-tcnative-boringssl-static-2.0.61.Final-linux-aarch_64.jar:/home/etcolem/.m2/repository/io/netty/netty-tcnative-boringssl-static/2.0.61.Final/netty-tcnative-boringssl-static-2.0.61.Final-osx-x86_64.jar:/home/etcolem/.m2/repository/io/netty/netty-tcnative-boringssl-static/2.0.61.Final/netty-tcnative-boringssl-static-2.0.61.Final-osx-aarch_64.jar:/home/etcolem/.m2/repository/io/netty/netty-tcnative-boringssl-static/2.0.61.Final/netty-tcnative-boringssl-static-2.0.61.Final-windows-x86_64.jar:/home/etcolem/.m2/repository/org/apache/zookeeper/zookeeper-jute/3.9.1/zookeeper-jute-3.9.1.jar:/home/etcolem/.m2/repository/org/yaml/snakeyaml/2.2/snakeyaml-2.2.jar:/home/etcolem/.m2/repository/org/apache/hadoop/hadoop-client-runtime/3.3.6/hadoop-client-runtime-3.3.6.jar:/home/etcolem/.m2/repository/org/apache/accumulo/accumulo-hadoop-mapreduce/3.1.0-SNAPSHOT/accumulo-hadoop-mapreduce-3.1.0-SNAPSHOT.jar:/home/etcolem/.m2/repository/org/apache/hadoop/hadoop-client-api/3.3.6/hadoop-client-api-3.3.6.jar:/home/etcolem/.m2/repository/org/xerial/snappy/snappy-java/1.1.10.5/snappy-java-1.1.10.5.jar:/home/etcolem/.m2/repository/org/apache/logging/log4j/log4j-1.2-api/2.22.1/log4j-1.2-api-2.22.1.jar:/home/etcolem/.m2/repository/org/apache/logging/log4j/log4j-api/2.22.1/log4j-api-2.22.1.jar:/home/etcolem/.m2/repository/org/apache/accumulo/accumulo-minicluster/3.1.0-SNAPSHOT/accumulo-minicluster-3.1.0-SNAPSHOT.jar:/home/etcolem/.m2/repository/org/apache/accumulo/accumulo-compaction-coordinator/3.1.0-SNAPSHOT/accumulo-compaction-coordinator-3.1.0-SNAPSHOT.jar:/home/etcolem/.m2/repository/org/apache/accumulo/accumulo-compactor/3.1.0-SNAPSHOT/accumulo-compactor-3.1.0-SNAPSHOT.jar:/home/etcolem/.m2/repository/org/apache/accumulo/accumulo-gc/3.1.0-SNAPSHOT/accumulo-gc-3.1.0-SNAPSHOT.jar:/home/etcolem/.m2/repository/org/apache/accumulo/accumulo-manager/3.1.0-SNAPSHOT/accumulo-manager-3.1.0-SNAPSHOT.jar:/home/etcolem/.m2/repository/commons-codec/commons-codec/1.16.0/commons-codec-1.16.0.jar:/home/etcolem/.m2/repository/org/apache/accumulo/accumulo-monitor/3.1.0-SNAPSHOT/accumulo-monitor-3.1.0-SNAPSHOT.jar:/home/etcolem/.m2/repository/jakarta/inject/jakarta.inject-api/2.0.0/jakarta.inject-api-2.0.0.jar:/home/etcolem/.m2/repository/jakarta/servlet/jakarta.servlet-api/5.0.0/jakarta.servlet-api-5.0.0.jar:/home/etcolem/.m2/repository/jakarta/validation/jakarta.validation-api/3.0.0/jakarta.validation-api-3.0.0.jar:/home/etcolem/.m2/repository/jakarta/ws/rs/jakarta.ws.rs-api/3.0.0/jakarta.ws.rs-api-3.0.0.jar:/home/etcolem/.m2/repository/jakarta/xml/bind/jakarta.xml.bind-api/3.0.1/jakarta.xml.bind-api-3.0.1.jar:/home/etcolem/.m2/repository/com/sun/activation/jakarta.activation/2.0.1/jakarta.activation-2.0.1.jar:/home/etcolem/.m2/repository/org/apache/logging/log4j/log4j-web/2.22.1/log4j-web-2.22.1.jar:/home/etcolem/.m2/repository/org/eclipse/jetty/jetty-server/11.0.19/jetty-server-11.0.19.jar:/home/etcolem/.m2/repository/org/eclipse/jetty/toolchain/jetty-jakarta-servlet-api/5.0.2/jetty-jakarta-servlet-api-5.0.2.jar:/home/etcolem/.m2/repository/org/eclipse/jetty/jetty-http/11.0.19/jetty-http-11.0.19.jar:/home/etcolem/.m2/repository/org/eclipse/jetty/jetty-io/11.0.19/jetty-io-11.0.19.jar:/home/etcolem/.m2/repository/org/eclipse/jetty/jetty-servlet/11.0.19/jetty-servlet-11.0.19.jar:/home/etcolem/.m2/repository/org/eclipse/jetty/jetty-security/11.0.19/jetty-security-11.0.19.jar:/home/etcolem/.m2/repository/org/eclipse/jetty/jetty-util/11.0.19/jetty-util-11.0.19.jar:/home/etcolem/.m2/repository/org/glassfish/hk2/hk2-api/3.0.5/hk2-api-3.0.5.jar:/home/etcolem/.m2/repository/org/glassfish/hk2/hk2-utils/3.0.5/hk2-utils-3.0.5.jar:/home/etcolem/.m2/repository/org/glassfish/hk2/external/aopalliance-repackaged/3.0.5/aopalliance-repackaged-3.0.5.jar:/home/etcolem/.m2/repository/org/glassfish/jersey/containers/jersey-container-servlet-core/3.0.9/jersey-container-servlet-core-3.0.9.jar:/home/etcolem/.m2/repository/org/glassfish/jersey/core/jersey-common/3.0.9/jersey-common-3.0.9.jar:/home/etcolem/.m2/repository/jakarta/annotation/jakarta.annotation-api/2.0.0/jakarta.annotation-api-2.0.0.jar:/home/etcolem/.m2/repository/org/glassfish/hk2/osgi-resource-locator/2.4.0/osgi-resource-locator-2.4.0.jar:/home/etcolem/.m2/repository/org/glassfish/jersey/core/jersey-server/3.0.9/jersey-server-3.0.9.jar:/home/etcolem/.m2/repository/org/glassfish/jersey/core/jersey-client/3.0.9/jersey-client-3.0.9.jar:/home/etcolem/.m2/repository/org/glassfish/jersey/ext/jersey-mvc/3.0.9/jersey-mvc-3.0.9.jar:/home/etcolem/.m2/repository/org/glassfish/jersey/ext/jersey-mvc-freemarker/3.0.9/jersey-mvc-freemarker-3.0.9.jar:/home/etcolem/.m2/repository/org/freemarker/freemarker/2.3.32/freemarker-2.3.32.jar:/home/etcolem/.m2/repository/org/glassfish/jersey/media/jersey-media-json-jackson/3.0.9/jersey-media-json-jackson-3.0.9.jar:/home/etcolem/.m2/repository/org/glassfish/jersey/ext/jersey-entity-filtering/3.0.9/jersey-entity-filtering-3.0.9.jar:/home/etcolem/.m2/repository/com/fasterxml/jackson/module/jackson-module-jakarta-xmlbind-annotations/2.16.1/jackson-module-jakarta-xmlbind-annotations-2.16.1.jar:/home/etcolem/.m2/repository/org/glassfish/jaxb/txw2/4.0.4/txw2-4.0.4.jar:/home/etcolem/.m2/repository/org/glassfish/jersey/ext/jersey-bean-validation/3.0.9/jersey-bean-validation-3.0.9.jar:/home/etcolem/.m2/repository/org/hibernate/validator/hibernate-validator/8.0.1.Final/hibernate-validator-8.0.1.Final.jar:/home/etcolem/.m2/repository/com/fasterxml/classmate/1.6.0/classmate-1.6.0.jar:/home/etcolem/.m2/repository/org/jboss/logging/jboss-logging/3.5.3.Final/jboss-logging-3.5.3.Final.jar:/home/etcolem/.m2/repository/jakarta/el/jakarta.el-api/4.0.0/jakarta.el-api-4.0.0.jar:/home/etcolem/.m2/repository/org/glassfish/jakarta.el/4.0.2/jakarta.el-4.0.2.jar:/home/etcolem/.m2/repository/org/glassfish/jersey/inject/jersey-hk2/3.0.9/jersey-hk2-3.0.9.jar:/home/etcolem/.m2/repository/org/glassfish/hk2/hk2-locator/3.0.5/hk2-locator-3.0.5.jar:/home/etcolem/.m2/repository/org/javassist/javassist/3.30.1-GA/javassist-3.30.1-GA.jar:/home/etcolem/.m2/repository/org/apache/accumulo/accumulo-server-base/3.1.0-SNAPSHOT/accumulo-server-base-3.1.0-SNAPSHOT.jar:/home/etcolem/.m2/repository/org/apache/accumulo/accumulo-tserver/3.1.0-SNAPSHOT/accumulo-tserver-3.1.0-SNAPSHOT.jar:/home/etcolem/.m2/repository/org/apache/accumulo/accumulo-test/3.1.0-SNAPSHOT/accumulo-test-3.1.0-SNAPSHOT.jar:/home/etcolem/.m2/repository/commons-cli/commons-cli/1.6.0/commons-cli-1.6.0.jar:/home/etcolem/.m2/repository/io/micrometer/micrometer-registry-statsd/1.12.2/micrometer-registry-statsd-1.12.2.jar:/home/etcolem/.m2/repository/org/apache/accumulo/accumulo-shell/3.1.0-SNAPSHOT/accumulo-shell-3.1.0-SNAPSHOT.jar:/home/etcolem/.m2/repository/org/apache/curator/curator-test/5.5.0/curator-test-5.5.0.jar:/home/etcolem/.m2/repository/io/dropwizard/metrics/metrics-core/3.2.5/metrics-core-3.2.5.jar:/home/etcolem/.m2/repository/org/apache/hadoop/hadoop-client-minicluster/3.3.6/hadoop-client-minicluster-3.3.6.jar:/home/etcolem/.m2/repository/junit/junit/4.13.2/junit-4.13.2.jar:/home/etcolem/.m2/repository/org/hamcrest/hamcrest-core/1.3/hamcrest-core-1.3.jar:/home/etcolem/.m2/repository/org/apache/hadoop/hadoop-distcp/3.3.6/hadoop-distcp-3.3.6.jar:/home/etcolem/.m2/repository/org/apache/hadoop/hadoop-minikdc/3.3.6/hadoop-minikdc-3.3.6.jar:/home/etcolem/.m2/repository/org/apache/kerby/kerb-simplekdc/1.0.1/kerb-simplekdc-1.0.1.jar:/home/etcolem/.m2/repository/org/apache/kerby/kerb-client/1.0.1/kerb-client-1.0.1.jar:/home/etcolem/.m2/repository/org/apache/kerby/kerby-config/1.0.1/kerby-config-1.0.1.jar:/home/etcolem/.m2/repository/org/apache/kerby/kerb-core/1.0.1/kerb-core-1.0.1.jar:/home/etcolem/.m2/repository/org/apache/kerby/kerby-pkix/1.0.1/kerby-pkix-1.0.1.jar:/home/etcolem/.m2/repository/org/apache/kerby/kerby-asn1/1.0.1/kerby-asn1-1.0.1.jar:/home/etcolem/.m2/repository/org/apache/kerby/kerby-util/1.0.1/kerby-util-1.0.1.jar:/home/etcolem/.m2/repository/org/apache/kerby/kerb-common/1.0.1/kerb-common-1.0.1.jar:/home/etcolem/.m2/repository/org/apache/kerby/kerb-crypto/1.0.1/kerb-crypto-1.0.1.jar:/home/etcolem/.m2/repository/org/apache/kerby/kerb-util/1.0.1/kerb-util-1.0.1.jar:/home/etcolem/.m2/repository/org/apache/kerby/token-provider/1.0.1/token-provider-1.0.1.jar:/home/etcolem/.m2/repository/org/apache/kerby/kerb-admin/1.0.1/kerb-admin-1.0.1.jar:/home/etcolem/.m2/repository/org/apache/kerby/kerb-server/1.0.1/kerb-server-1.0.1.jar:/home/etcolem/.m2/repository/org/apache/kerby/kerb-identity/1.0.1/kerb-identity-1.0.1.jar:/home/etcolem/.m2/repository/org/apache/kerby/kerby-xdr/1.0.1/kerby-xdr-1.0.1.jar:/home/etcolem/.m2/repository/org/bouncycastle/bcpkix-jdk18on/1.77/bcpkix-jdk18on-1.77.jar:/home/etcolem/.m2/repository/org/bouncycastle/bcutil-jdk18on/1.77/bcutil-jdk18on-1.77.jar:/home/etcolem/.m2/repository/org/bouncycastle/bcprov-jdk18on/1.77/bcprov-jdk18on-1.77.jar:/home/etcolem/.m2/repository/org/easymock/easymock/5.2.0/easymock-5.2.0.jar:/home/etcolem/.m2/repository/org/objenesis/objenesis/3.3/objenesis-3.3.jar:/home/etcolem/.m2/repository/org/jline/jline/3.24.1/jline-3.24.1.jar:/home/etcolem/.m2/repository/org/junit/jupiter/junit-jupiter-engine/5.10.1/junit-jupiter-engine-5.10.1.jar:/home/etcolem/.m2/repository/org/junit/platform/junit-platform-engine/1.10.1/junit-platform-engine-1.10.1.jar:/home/etcolem/.m2/repository/org/junit/jupiter/junit-jupiter-params/5.10.1/junit-jupiter-params-5.10.1.jar:/home/etcolem/.m2/repository/org/junit/jupiter/junit-jupiter-api/5.10.1/junit-jupiter-api-5.10.1.jar:/home/etcolem/.m2/repository/org/opentest4j/opentest4j/1.3.0/opentest4j-1.3.0.jar:/home/etcolem/.m2/repository/org/junit/platform/junit-platform-commons/1.10.1/junit-platform-commons-1.10.1.jar:/home/etcolem/.m2/repository/org/apiguardian/apiguardian-api/1.1.2/apiguardian-api-1.1.2.jar:"/>
    <property name="sun.cpu.endian" value="little"/>
    <property name="user.home" value="/home/etcolem"/>
    <property name="user.language" value="en"/>
    <property name="java.specification.vendor" value="Oracle Corporation"/>
    <property name="java.version.date" value="2023-10-17"/>
    <property name="java.home" value="/usr/lib/jvm/java-17-openjdk-amd64"/>
    <property name="file.separator" value="/"/>
    <property name="basedir" value="/mnt/data1/etcolem/workspace/accumulo-examples/accumulo-examples-metrics/logging-metrics"/>
    <property name="java.vm.compressedOopsMode" value="Zero based"/>
    <property name="line.separator" value="&#10;"/>
    <property name="java.vm.specification.vendor" value="Oracle Corporation"/>
    <property name="java.specification.name" value="Java Platform API Specification"/>
    <property name="surefire.real.class.path" value="/mnt/data1/etcolem/workspace/accumulo-examples/accumulo-examples-metrics/logging-metrics/target/surefire/surefirebooter-20240206224058651_3.jar"/>
    <property name="sun.management.compiler" value="HotSpot 64-Bit Tiered Compilers"/>
    <property name="java.runtime.version" value="17.0.9+9-Ubuntu-122.04"/>
    <property name="user.name" value="etcolem"/>
    <property name="path.separator" value=":"/>
    <property name="os.version" value="6.2.0-1018-aws"/>
    <property name="java.runtime.name" value="OpenJDK Runtime Environment"/>
    <property name="file.encoding" value="UTF-8"/>
    <property name="java.vm.name" value="OpenJDK 64-Bit Server VM"/>
    <property name="localRepository" value="/home/etcolem/.m2/repository"/>
    <property name="java.vendor.url.bug" value="Unknown"/>
    <property name="java.io.tmpdir" value="/tmp"/>
    <property name="java.version" value="17.0.9"/>
    <property name="user.dir" value="/mnt/data1/etcolem/workspace/accumulo-examples/accumulo-examples-metrics/logging-metrics"/>
    <property name="os.arch" value="amd64"/>
    <property name="java.vm.specification.name" value="Java Virtual Machine Specification"/>
    <property name="native.encoding" value="UTF-8"/>
    <property name="java.library.path" value="/usr/java/packages/lib:/usr/lib/x86_64-linux-gnu/jni:/lib/x86_64-linux-gnu:/usr/lib/x86_64-linux-gnu:/usr/lib/jni:/lib:/usr/lib"/>
    <property name="java.vm.info" value="mixed mode, sharing"/>
    <property name="java.vendor" value="Private Build"/>
    <property name="java.vm.version" value="17.0.9+9-Ubuntu-122.04"/>
    <property name="sun.io.unicode.encoding" value="UnicodeLittle"/>
    <property name="java.class.version" value="61.0"/>
  </properties>
  <testcase name="metricsGenTest" classname="org.apache.accumulo.metrics.logging.LoggingRegistryFactoryTest" time="200.063">
    <system-out><![CDATA[[INFO ] 2024-02-06 22:40:59.577 [main] logging.LoggingRegistryFactory - starting metrics registration
[DEBUG] 2024-02-06 22:40:59.586 [main] logging.InternalLoggerFactory - Using SLF4J as the default logging framework
[INFO ] 2024-02-06 22:40:59.599 [main] push.PushMeterRegistry - publishing metrics for LoggingMeterRegistry every 10s
[INFO ] 2024-02-06 22:40:59.603 [main] logging.LoggingRegistryFactoryTest - Starting metrics generation
]]></system-out>
  </testcase>
</testsuite>